<?xml version="1.0" encoding="UTF-8" ?>
<testsuite tests="23" failures="2" name="utils.DynamicArrayListTest" time="0.024" errors="0" skipped="0">
  <properties>
[...]
</properties>
  <testcase classname="utils.DynamicArrayListTest" name="utils.DynamicArrayListTest.testParameterisedConstructor_InvalidValue_LessThanZero" time="0.005"/>
  <testcase classname="utils.DynamicArrayListTest" name="utils.DynamicArrayListTest.testParameterisedConstructor_InvalidValue_EqualToZero" time="0"/>
  <testcase classname="utils.DynamicArrayListTest" name="utils.DynamicArrayListTest.testSet_InvalidParameters_BreakingUpperBound_GreaterThanSize" time="0.001"/>
  <testcase classname="utils.DynamicArrayListTest" name="utils.DynamicArrayListTest.testSet_InvalidParameters_BreakingUpperBound_EqualToSize" time="0.001"/>
  <testcase classname="utils.DynamicArrayListTest" name="utils.DynamicArrayListTest.testSize_PopulatedList" time="0"/>
  <testcase classname="utils.DynamicArrayListTest" name="utils.DynamicArrayListTest.testGet_BreakingLowerBound" time="0.001"/>
  <testcase classname="utils.DynamicArrayListTest" name="utils.DynamicArrayListTest.testIndexOf_TextInList" time="0"/>
  <testcase classname="utils.DynamicArrayListTest" name="utils.DynamicArrayListTest.testIndexOf_TextNotInList" time="0"/>
  <testcase classname="utils.DynamicArrayListTest" name="utils.DynamicArrayListTest.testAdd_AddingTwoElements_String" time="0.001"/>
  <testcase classname="utils.DynamicArrayListTest" name="utils.DynamicArrayListTest.testAdd_GrowingSpace_String" time="0.005"/>
  <testcase classname="utils.DynamicArrayListTest" name="utils.DynamicArrayListTest.testSet_ValidParameters" time="0.007">
    <failure message="expected: &lt;First element&gt; but was: &lt;New first element&gt;" type="org.opentest4j.AssertionFailedError">org.opentest4j.AssertionFailedError: expected: &lt;First element&gt; but was: &lt;New first element&gt;
	at org.junit.jupiter.api.AssertionUtils.fail(AssertionUtils.java:55)
	at org.junit.jupiter.api.AssertionUtils.failNotEqual(AssertionUtils.java:62)
	at org.junit.jupiter.api.AssertEquals.assertEquals(AssertEquals.java:182)
	at org.junit.jupiter.api.AssertEquals.assertEquals(AssertEquals.java:177)
	at org.junit.jupiter.api.Assertions.assertEquals(Assertions.java:1124)
	at utils.DynamicArrayListTest.testSet_ValidParameters(DynamicArrayListTest.java:247)
</failure>
    <system-out>Testing set method with valid parameters
</system-out>
  </testcase>
  <testcase classname="utils.DynamicArrayListTest" name="utils.DynamicArrayListTest.testRemoveAll_RemovingOneInstance" time="0"/>
  <testcase classname="utils.DynamicArrayListTest" name="utils.DynamicArrayListTest.testIsEmpty_PopulatedList" time="0"/>
  <testcase classname="utils.DynamicArrayListTest" name="utils.DynamicArrayListTest.testGet_BreakingUpperBound_EqualToSize" time="0"/>
  <testcase classname="utils.DynamicArrayListTest" name="utils.DynamicArrayListTest.testRemoveAll_RemovingSomethingNotPresent" time="0"/>
  <testcase classname="utils.DynamicArrayListTest" name="utils.DynamicArrayListTest.testSet_InvalidParameters_BreakingLowerBound" time="0"/>
  <testcase classname="utils.DynamicArrayListTest" name="utils.DynamicArrayListTest.testParameterisedConstructor_ValidValue" time="0"/>
  <testcase classname="utils.DynamicArrayListTest" name="utils.DynamicArrayListTest.testRemoveAll_RemovingMultipleInstances" time="0.001">
    <failure message="expected: &lt;1&gt; but was: &lt;3&gt;" type="org.opentest4j.AssertionFailedError">org.opentest4j.AssertionFailedError: expected: &lt;1&gt; but was: &lt;3&gt;
	at org.junit.jupiter.api.AssertionUtils.fail(AssertionUtils.java:55)
	at org.junit.jupiter.api.AssertionUtils.failNotEqual(AssertionUtils.java:62)
	at org.junit.jupiter.api.AssertEquals.assertEquals(AssertEquals.java:150)
	at org.junit.jupiter.api.AssertEquals.assertEquals(AssertEquals.java:145)
	at org.junit.jupiter.api.Assertions.assertEquals(Assertions.java:510)
	at utils.DynamicArrayListTest.testRemoveAll_RemovingMultipleInstances(DynamicArrayListTest.java:370)
</failure>
    <system-out>Testing the removeAll method to remove something that appears multiple instances
</system-out>
  </testcase>
  <testcase classname="utils.DynamicArrayListTest" name="utils.DynamicArrayListTest.testGet_BreakingUpperBound_GreaterThanSize" time="0.001"/>
  <testcase classname="utils.DynamicArrayListTest" name="utils.DynamicArrayListTest.testSize_EmptyList" time="0"/>
  <testcase classname="utils.DynamicArrayListTest" name="utils.DynamicArrayListTest.testGet_ValidInput" time="0"/>
  <testcase classname="utils.DynamicArrayListTest" name="utils.DynamicArrayListTest.testAdd_String" time="0.001"/>
  <testcase classname="utils.DynamicArrayListTest" name="utils.DynamicArrayListTest.testIsEmpty" time="0"/>
</testsuite>